Performing C SOURCE FILE Test CMAKE_HAVE_LIBC_PTHREAD failed with the following output:
Change Dir: /mnt/home/sbronder/opensource/riccati/build/CMakeFiles/CMakeTmp

Run Build Command(s):/usr/bin/gmake -f Makefile cmTC_fc7ae/fast && /usr/bin/gmake  -f CMakeFiles/cmTC_fc7ae.dir/build.make CMakeFiles/cmTC_fc7ae.dir/build
gmake[1]: Entering directory '/mnt/home/sbronder/opensource/riccati/build/CMakeFiles/CMakeTmp'
Building C object CMakeFiles/cmTC_fc7ae.dir/src.c.o
/usr/lib64/ccache/cc -DCMAKE_HAVE_LIBC_PTHREAD   -o CMakeFiles/cmTC_fc7ae.dir/src.c.o -c /mnt/home/sbronder/opensource/riccati/build/CMakeFiles/CMakeTmp/src.c
Linking C executable cmTC_fc7ae
/usr/bin/cmake -E cmake_link_script CMakeFiles/cmTC_fc7ae.dir/link.txt --verbose=1
/usr/lib64/ccache/cc CMakeFiles/cmTC_fc7ae.dir/src.c.o -o cmTC_fc7ae 
CMakeFiles/cmTC_fc7ae.dir/src.c.o: In function `main':
src.c:(.text+0x2d): undefined reference to `pthread_create'
src.c:(.text+0x39): undefined reference to `pthread_detach'
src.c:(.text+0x45): undefined reference to `pthread_cancel'
src.c:(.text+0x56): undefined reference to `pthread_join'
collect2: error: ld returned 1 exit status
gmake[1]: *** [CMakeFiles/cmTC_fc7ae.dir/build.make:99: cmTC_fc7ae] Error 1
gmake[1]: Leaving directory '/mnt/home/sbronder/opensource/riccati/build/CMakeFiles/CMakeTmp'
gmake: *** [Makefile:127: cmTC_fc7ae/fast] Error 2


Source file was:
#include <pthread.h>

static void* test_func(void* data)
{
  return data;
}

int main(void)
{
  pthread_t thread;
  pthread_create(&thread, NULL, test_func, NULL);
  pthread_detach(thread);
  pthread_cancel(thread);
  pthread_join(thread, NULL);
  pthread_atfork(NULL, NULL, NULL);
  pthread_exit(NULL);

  return 0;
}

Determining if the function pthread_create exists in the pthreads failed with the following output:
Change Dir: /mnt/home/sbronder/opensource/riccati/build/CMakeFiles/CMakeTmp

Run Build Command(s):/usr/bin/gmake -f Makefile cmTC_ca383/fast && /usr/bin/gmake  -f CMakeFiles/cmTC_ca383.dir/build.make CMakeFiles/cmTC_ca383.dir/build
gmake[1]: Entering directory '/mnt/home/sbronder/opensource/riccati/build/CMakeFiles/CMakeTmp'
Building C object CMakeFiles/cmTC_ca383.dir/CheckFunctionExists.c.o
/usr/lib64/ccache/cc   -DCHECK_FUNCTION_EXISTS=pthread_create -o CMakeFiles/cmTC_ca383.dir/CheckFunctionExists.c.o -c /usr/share/cmake/Modules/CheckFunctionExists.c
Linking C executable cmTC_ca383
/usr/bin/cmake -E cmake_link_script CMakeFiles/cmTC_ca383.dir/link.txt --verbose=1
/usr/lib64/ccache/cc  -DCHECK_FUNCTION_EXISTS=pthread_create CMakeFiles/cmTC_ca383.dir/CheckFunctionExists.c.o -o cmTC_ca383  -lpthreads 
/usr/bin/ld: cannot find -lpthreads
collect2: error: ld returned 1 exit status
gmake[1]: *** [CMakeFiles/cmTC_ca383.dir/build.make:99: cmTC_ca383] Error 1
gmake[1]: Leaving directory '/mnt/home/sbronder/opensource/riccati/build/CMakeFiles/CMakeTmp'
gmake: *** [Makefile:127: cmTC_ca383/fast] Error 2



Performing C++ SOURCE FILE Test COMPILER_SUPPORT_Wshorten64to32 failed with the following output:
Change Dir: /mnt/home/sbronder/opensource/riccati/build/CMakeFiles/CMakeTmp

Run Build Command(s):/usr/bin/gmake -f Makefile cmTC_827f6/fast && /usr/bin/gmake  -f CMakeFiles/cmTC_827f6.dir/build.make CMakeFiles/cmTC_827f6.dir/build
gmake[1]: Entering directory '/mnt/home/sbronder/opensource/riccati/build/CMakeFiles/CMakeTmp'
Building CXX object CMakeFiles/cmTC_827f6.dir/src.cxx.o
/usr/lib64/ccache/c++ -DCOMPILER_SUPPORT_Wshorten64to32  -std=c++03 -pedantic -Wall -Wextra -Wundef -Wcast-align -Wchar-subscripts -Wnon-virtual-dtor -Wunused-local-typedefs -Wpointer-arith -Wwrite-strings -Wformat-security -Werror   -Wshorten-64-to-32 -std=c++14 -o CMakeFiles/cmTC_827f6.dir/src.cxx.o -c /mnt/home/sbronder/opensource/riccati/build/CMakeFiles/CMakeTmp/src.cxx
c++: error: unrecognized command line option '-Wshorten-64-to-32'
gmake[1]: *** [CMakeFiles/cmTC_827f6.dir/build.make:78: CMakeFiles/cmTC_827f6.dir/src.cxx.o] Error 1
gmake[1]: Leaving directory '/mnt/home/sbronder/opensource/riccati/build/CMakeFiles/CMakeTmp'
gmake: *** [Makefile:127: cmTC_827f6/fast] Error 2


Source file was:
int main() { return 0; }
Performing C++ SOURCE FILE Test COMPILER_SUPPORT_Wenumconversion failed with the following output:
Change Dir: /mnt/home/sbronder/opensource/riccati/build/CMakeFiles/CMakeTmp

Run Build Command(s):/usr/bin/gmake -f Makefile cmTC_b6d63/fast && /usr/bin/gmake  -f CMakeFiles/cmTC_b6d63.dir/build.make CMakeFiles/cmTC_b6d63.dir/build
gmake[1]: Entering directory '/mnt/home/sbronder/opensource/riccati/build/CMakeFiles/CMakeTmp'
Building CXX object CMakeFiles/cmTC_b6d63.dir/src.cxx.o
/usr/lib64/ccache/c++ -DCOMPILER_SUPPORT_Wenumconversion  -std=c++03 -pedantic -Wall -Wextra -Wundef -Wcast-align -Wchar-subscripts -Wnon-virtual-dtor -Wunused-local-typedefs -Wpointer-arith -Wwrite-strings -Wformat-security -Wlogical-op -Werror   -Wenum-conversion -std=c++14 -o CMakeFiles/cmTC_b6d63.dir/src.cxx.o -c /mnt/home/sbronder/opensource/riccati/build/CMakeFiles/CMakeTmp/src.cxx
c++: error: unrecognized command line option '-Wenum-conversion'; did you mean '-Wno-conversion'?
gmake[1]: *** [CMakeFiles/cmTC_b6d63.dir/build.make:78: CMakeFiles/cmTC_b6d63.dir/src.cxx.o] Error 1
gmake[1]: Leaving directory '/mnt/home/sbronder/opensource/riccati/build/CMakeFiles/CMakeTmp'
gmake: *** [Makefile:127: cmTC_b6d63/fast] Error 2


Source file was:
int main() { return 0; }
Performing C++ SOURCE FILE Test COMPILER_SUPPORT_Wcpp11extensions failed with the following output:
Change Dir: /mnt/home/sbronder/opensource/riccati/build/CMakeFiles/CMakeTmp

Run Build Command(s):/usr/bin/gmake -f Makefile cmTC_0c40a/fast && /usr/bin/gmake  -f CMakeFiles/cmTC_0c40a.dir/build.make CMakeFiles/cmTC_0c40a.dir/build
gmake[1]: Entering directory '/mnt/home/sbronder/opensource/riccati/build/CMakeFiles/CMakeTmp'
Building CXX object CMakeFiles/cmTC_0c40a.dir/src.cxx.o
/usr/lib64/ccache/c++ -DCOMPILER_SUPPORT_Wcpp11extensions  -std=c++03 -pedantic -Wall -Wextra -Wundef -Wcast-align -Wchar-subscripts -Wnon-virtual-dtor -Wunused-local-typedefs -Wpointer-arith -Wwrite-strings -Wformat-security -Wlogical-op -Werror   -Wc++11-extensions -std=c++14 -o CMakeFiles/cmTC_0c40a.dir/src.cxx.o -c /mnt/home/sbronder/opensource/riccati/build/CMakeFiles/CMakeTmp/src.cxx
c++: error: unrecognized command line option '-Wc++11-extensions'; did you mean '-fms-extensions'?
gmake[1]: *** [CMakeFiles/cmTC_0c40a.dir/build.make:78: CMakeFiles/cmTC_0c40a.dir/src.cxx.o] Error 1
gmake[1]: Leaving directory '/mnt/home/sbronder/opensource/riccati/build/CMakeFiles/CMakeTmp'
gmake: *** [Makefile:127: cmTC_0c40a/fast] Error 2


Source file was:
int main() { return 0; }
Performing C++ SOURCE FILE Test COMPILER_SUPPORT_wd981 failed with the following output:
Change Dir: /mnt/home/sbronder/opensource/riccati/build/CMakeFiles/CMakeTmp

Run Build Command(s):/usr/bin/gmake -f Makefile cmTC_b3f0e/fast && /usr/bin/gmake  -f CMakeFiles/cmTC_b3f0e.dir/build.make CMakeFiles/cmTC_b3f0e.dir/build
gmake[1]: Entering directory '/mnt/home/sbronder/opensource/riccati/build/CMakeFiles/CMakeTmp'
Building CXX object CMakeFiles/cmTC_b3f0e.dir/src.cxx.o
/usr/lib64/ccache/c++ -DCOMPILER_SUPPORT_wd981  -std=c++03 -pedantic -Wall -Wextra -Wundef -Wcast-align -Wchar-subscripts -Wnon-virtual-dtor -Wunused-local-typedefs -Wpointer-arith -Wwrite-strings -Wformat-security -Wlogical-op -Wdouble-promotion -Wshadow -Wno-psabi -Wno-variadic-macros -Wno-long-long -fno-check-new -fno-common -fstrict-aliasing -Werror   -wd981 -std=c++14 -o CMakeFiles/cmTC_b3f0e.dir/src.cxx.o -c /mnt/home/sbronder/opensource/riccati/build/CMakeFiles/CMakeTmp/src.cxx
c++: error: unrecognized command line option '-wd981'
gmake[1]: *** [CMakeFiles/cmTC_b3f0e.dir/build.make:78: CMakeFiles/cmTC_b3f0e.dir/src.cxx.o] Error 1
gmake[1]: Leaving directory '/mnt/home/sbronder/opensource/riccati/build/CMakeFiles/CMakeTmp'
gmake: *** [Makefile:127: cmTC_b3f0e/fast] Error 2


Source file was:
int main() { return 0; }
Performing C++ SOURCE FILE Test COMPILER_SUPPORT_wd2304 failed with the following output:
Change Dir: /mnt/home/sbronder/opensource/riccati/build/CMakeFiles/CMakeTmp

Run Build Command(s):/usr/bin/gmake -f Makefile cmTC_053e0/fast && /usr/bin/gmake  -f CMakeFiles/cmTC_053e0.dir/build.make CMakeFiles/cmTC_053e0.dir/build
gmake[1]: Entering directory '/mnt/home/sbronder/opensource/riccati/build/CMakeFiles/CMakeTmp'
Building CXX object CMakeFiles/cmTC_053e0.dir/src.cxx.o
/usr/lib64/ccache/c++ -DCOMPILER_SUPPORT_wd2304  -std=c++03 -pedantic -Wall -Wextra -Wundef -Wcast-align -Wchar-subscripts -Wnon-virtual-dtor -Wunused-local-typedefs -Wpointer-arith -Wwrite-strings -Wformat-security -Wlogical-op -Wdouble-promotion -Wshadow -Wno-psabi -Wno-variadic-macros -Wno-long-long -fno-check-new -fno-common -fstrict-aliasing -Werror   -wd2304 -std=c++14 -o CMakeFiles/cmTC_053e0.dir/src.cxx.o -c /mnt/home/sbronder/opensource/riccati/build/CMakeFiles/CMakeTmp/src.cxx
c++: error: unrecognized command line option '-wd2304'
gmake[1]: *** [CMakeFiles/cmTC_053e0.dir/build.make:78: CMakeFiles/cmTC_053e0.dir/src.cxx.o] Error 1
gmake[1]: Leaving directory '/mnt/home/sbronder/opensource/riccati/build/CMakeFiles/CMakeTmp'
gmake: *** [Makefile:127: cmTC_053e0/fast] Error 2


Source file was:
int main() { return 0; }
Performing C++ SOURCE FILE Test COMPILER_SUPPORT_STRICTANSI failed with the following output:
Change Dir: /mnt/home/sbronder/opensource/riccati/build/CMakeFiles/CMakeTmp

Run Build Command(s):/usr/bin/gmake -f Makefile cmTC_ec154/fast && /usr/bin/gmake  -f CMakeFiles/cmTC_ec154.dir/build.make CMakeFiles/cmTC_ec154.dir/build
gmake[1]: Entering directory '/mnt/home/sbronder/opensource/riccati/build/CMakeFiles/CMakeTmp'
Building CXX object CMakeFiles/cmTC_ec154.dir/src.cxx.o
/usr/lib64/ccache/c++ -DCOMPILER_SUPPORT_STRICTANSI  -std=c++03 -pedantic -Wall -Wextra -Wundef -Wcast-align -Wchar-subscripts -Wnon-virtual-dtor -Wunused-local-typedefs -Wpointer-arith -Wwrite-strings -Wformat-security -Wlogical-op -Wdouble-promotion -Wshadow -Wno-psabi -Wno-variadic-macros -Wno-long-long -fno-check-new -fno-common -fstrict-aliasing -Werror   -strict-ansi -std=c++14 -o CMakeFiles/cmTC_ec154.dir/src.cxx.o -c /mnt/home/sbronder/opensource/riccati/build/CMakeFiles/CMakeTmp/src.cxx
c++: error: unrecognized command line option '-strict-ansi'; did you mean '-fstrict-enums'?
gmake[1]: *** [CMakeFiles/cmTC_ec154.dir/build.make:78: CMakeFiles/cmTC_ec154.dir/src.cxx.o] Error 1
gmake[1]: Leaving directory '/mnt/home/sbronder/opensource/riccati/build/CMakeFiles/CMakeTmp'
gmake: *** [Makefile:127: cmTC_ec154/fast] Error 2


Source file was:
int main() { return 0; }
Performing C++ SOURCE FILE Test COMPILER_SUPPORT_Qunusedarguments failed with the following output:
Change Dir: /mnt/home/sbronder/opensource/riccati/build/CMakeFiles/CMakeTmp

Run Build Command(s):/usr/bin/gmake -f Makefile cmTC_c4649/fast && /usr/bin/gmake  -f CMakeFiles/cmTC_c4649.dir/build.make CMakeFiles/cmTC_c4649.dir/build
gmake[1]: Entering directory '/mnt/home/sbronder/opensource/riccati/build/CMakeFiles/CMakeTmp'
Building CXX object CMakeFiles/cmTC_c4649.dir/src.cxx.o
/usr/lib64/ccache/c++ -DCOMPILER_SUPPORT_Qunusedarguments  -std=c++03 -pedantic -Wall -Wextra -Wundef -Wcast-align -Wchar-subscripts -Wnon-virtual-dtor -Wunused-local-typedefs -Wpointer-arith -Wwrite-strings -Wformat-security -Wlogical-op -Wdouble-promotion -Wshadow -Wno-psabi -Wno-variadic-macros -Wno-long-long -fno-check-new -fno-common -fstrict-aliasing -Werror   -Qunused-arguments -std=c++14 -o CMakeFiles/cmTC_c4649.dir/src.cxx.o -c /mnt/home/sbronder/opensource/riccati/build/CMakeFiles/CMakeTmp/src.cxx
c++: error: unrecognized command line option '-Qunused-arguments'; did you mean '-Wunused-parameter'?
gmake[1]: *** [CMakeFiles/cmTC_c4649.dir/build.make:78: CMakeFiles/cmTC_c4649.dir/src.cxx.o] Error 1
gmake[1]: Leaving directory '/mnt/home/sbronder/opensource/riccati/build/CMakeFiles/CMakeTmp'
gmake: *** [Makefile:127: cmTC_c4649/fast] Error 2


Source file was:
int main() { return 0; }
